<!DOCTYPE html>
<html>
  <head>
    <meta charset="utf-8"/>
    <title id="head-title">report_samsung-lg-philips_20250520-124131.html</title>
      <link href="assets/style.css" rel="stylesheet" type="text/css"/>
  </head>
  <body>
    <h1 id="title">report_samsung-lg-philips_20250520-124131.html</h1>
    <p>Report generated on 20-May-2025 at 12:44:44 by <a href="https://pypi.python.org/pypi/pytest-html">pytest-html</a>
        v4.1.1</p>
    <div id="environment-header">
      <h2>Environment</h2>
    </div>
    <table id="environment"></table>
    <!-- TEMPLATES -->
      <template id="template_environment_row">
      <tr>
        <td></td>
        <td></td>
      </tr>
    </template>
    <template id="template_results-table__body--empty">
      <tbody class="results-table-row">
        <tr id="not-found-message">
          <td colspan="4">No results found. Check the filters.</th>
        </tr>
    </template>
    <template id="template_results-table__tbody">
      <tbody class="results-table-row">
        <tr class="collapsible">
        </tr>
        <tr class="extras-row">
          <td class="extra" colspan="4">
            <div class="extraHTML"></div>
            <div class="media">
              <div class="media-container">
                  <div class="media-container__nav--left"><</div>
                  <div class="media-container__viewport">
                    <img src="" />
                    <video controls>
                      <source src="" type="video/mp4">
                    </video>
                  </div>
                  <div class="media-container__nav--right">></div>
                </div>
                <div class="media__name"></div>
                <div class="media__counter"></div>
            </div>
            <div class="logwrapper">
              <div class="logexpander"></div>
              <div class="log"></div>
            </div>
          </td>
        </tr>
      </tbody>
    </template>
    <!-- END TEMPLATES -->
    <div class="summary">
      <div class="summary__data">
        <h2>Summary</h2>
        <div class="additional-summary prefix">
        </div>
        <p class="run-count">18 tests took 00:03:12.</p>
        <p class="filter">(Un)check the boxes to filter the results.</p>
        <div class="summary__reload">
          <div class="summary__reload__button hidden" onclick="location.reload()">
            <div>There are still tests running. <br />Reload this page to get the latest results!</div>
          </div>
        </div>
        <div class="summary__spacer"></div>
        <div class="controls">
          <div class="filters">
            <input checked="true" class="filter" name="filter_checkbox" type="checkbox" data-test-result="failed" />
            <span class="failed">5 Failed,</span>
            <input checked="true" class="filter" name="filter_checkbox" type="checkbox" data-test-result="passed" />
            <span class="passed">13 Passed,</span>
            <input checked="true" class="filter" name="filter_checkbox" type="checkbox" data-test-result="skipped" disabled/>
            <span class="skipped">0 Skipped,</span>
            <input checked="true" class="filter" name="filter_checkbox" type="checkbox" data-test-result="xfailed" disabled/>
            <span class="xfailed">0 Expected failures,</span>
            <input checked="true" class="filter" name="filter_checkbox" type="checkbox" data-test-result="xpassed" disabled/>
            <span class="xpassed">0 Unexpected passes,</span>
            <input checked="true" class="filter" name="filter_checkbox" type="checkbox" data-test-result="error" disabled/>
            <span class="error">0 Errors,</span>
            <input checked="true" class="filter" name="filter_checkbox" type="checkbox" data-test-result="rerun" disabled/>
            <span class="rerun">0 Reruns</span>
          </div>
          <div class="collapse">
            <button id="show_all_details">Show all details</button>&nbsp;/&nbsp;<button id="hide_all_details">Hide all details</button>
          </div>
        </div>
      </div>
      <div class="additional-summary summary">
      </div>
      <div class="additional-summary postfix">
      </div>
    </div>
    <table id="results-table">
      <thead id="results-table-head">
        <tr>
          <th class="sortable" data-column-type="result">Result</th>
          <th class="sortable" data-column-type="testId">Test</th>
          <th class="sortable" data-column-type="duration">Duration</th>
          <th>Links</th>
        </tr>
      </thead>
    </table>
  </body>
  <footer>
    <div id="data-container" data-jsonblob="{&#34;environment&#34;: {&#34;Python&#34;: &#34;3.9.6&#34;, &#34;Platform&#34;: &#34;macOS-15.4.1-arm64-arm-64bit&#34;, &#34;Packages&#34;: {&#34;pytest&#34;: &#34;7.4.3&#34;, &#34;pluggy&#34;: &#34;1.6.0&#34;}, &#34;Plugins&#34;: {&#34;timeout&#34;: &#34;2.2.0&#34;, &#34;html&#34;: &#34;4.1.1&#34;, &#34;metadata&#34;: &#34;3.1.1&#34;, &#34;xdist&#34;: &#34;3.3.1&#34;}}, &#34;tests&#34;: {&#34;tests/test_samsung.py::test_website_loads&#34;: [{&#34;extras&#34;: [], &#34;result&#34;: &#34;Passed&#34;, &#34;testId&#34;: &#34;tests/test_samsung.py::test_website_loads&#34;, &#34;duration&#34;: &#34;00:00:03&#34;, &#34;resultsTableRow&#34;: [&#34;&lt;td class=\&#34;col-result\&#34;&gt;Passed&lt;/td&gt;&#34;, &#34;&lt;td class=\&#34;col-testId\&#34;&gt;tests/test_samsung.py::test_website_loads&lt;/td&gt;&#34;, &#34;&lt;td class=\&#34;col-duration\&#34;&gt;00:00:03&lt;/td&gt;&#34;, &#34;&lt;td class=\&#34;col-links\&#34;&gt;&lt;/td&gt;&#34;], &#34;log&#34;: &#34;----------------------------- Captured stdout call -----------------------------\nWebsite loaded successfully\n&#34;}], &#34;tests/test_samsung.py::test_responsive_design&#34;: [{&#34;extras&#34;: [], &#34;result&#34;: &#34;Passed&#34;, &#34;testId&#34;: &#34;tests/test_samsung.py::test_responsive_design&#34;, &#34;duration&#34;: &#34;00:00:05&#34;, &#34;resultsTableRow&#34;: [&#34;&lt;td class=\&#34;col-result\&#34;&gt;Passed&lt;/td&gt;&#34;, &#34;&lt;td class=\&#34;col-testId\&#34;&gt;tests/test_samsung.py::test_responsive_design&lt;/td&gt;&#34;, &#34;&lt;td class=\&#34;col-duration\&#34;&gt;00:00:05&lt;/td&gt;&#34;, &#34;&lt;td class=\&#34;col-links\&#34;&gt;&lt;/td&gt;&#34;], &#34;log&#34;: &#34;----------------------------- Captured stdout call -----------------------------\nTesting resolution: 1920x1080\nTesting resolution: 1280x720\n&#34;}], &#34;tests/test_tv2play_samsung.py::TestTV2PlaySamsung::test_page_loads&#34;: [{&#34;extras&#34;: [], &#34;result&#34;: &#34;Passed&#34;, &#34;testId&#34;: &#34;tests/test_tv2play_samsung.py::TestTV2PlaySamsung::test_page_loads&#34;, &#34;duration&#34;: &#34;00:00:07&#34;, &#34;resultsTableRow&#34;: [&#34;&lt;td class=\&#34;col-result\&#34;&gt;Passed&lt;/td&gt;&#34;, &#34;&lt;td class=\&#34;col-testId\&#34;&gt;tests/test_tv2play_samsung.py::TestTV2PlaySamsung::test_page_loads&lt;/td&gt;&#34;, &#34;&lt;td class=\&#34;col-duration\&#34;&gt;00:00:07&lt;/td&gt;&#34;, &#34;&lt;td class=\&#34;col-links\&#34;&gt;&lt;/td&gt;&#34;], &#34;log&#34;: &#34;---------------------------- Captured stderr setup -----------------------------\n2025-05-20 12:41:39,409 - INFO - Setting up test environment\n2025-05-20 12:41:40,600 - INFO - Navigating to TV 2 Play Samsung app\n\n------------------------------ Captured log setup ------------------------------\nINFO     test_tv2play_samsung:test_tv2play_samsung.py:46 Setting up test environment\nINFO     test_tv2play_samsung:test_tv2play_samsung.py:70 Navigating to TV 2 Play Samsung app\n\n----------------------------- Captured stderr call -----------------------------\n2025-05-20 12:41:45,847 - INFO - Testing if page loads correctly\n2025-05-20 12:41:46,389 - INFO - Screenshot saved to artifacts/screenshots/tv2play_samsung_page_load_20250520-124145.png\n2025-05-20 12:41:46,389 - INFO - Page loaded successfully\n\n------------------------------ Captured log call -------------------------------\nINFO     test_tv2play_samsung:test_tv2play_samsung.py:77 Testing if page loads correctly\nINFO     test_tv2play_samsung:test_tv2play_samsung.py:162 Screenshot saved to artifacts/screenshots/tv2play_samsung_page_load_20250520-124145.png\nINFO     test_tv2play_samsung:test_tv2play_samsung.py:85 Page loaded successfully\n\n&#34;}], &#34;tests/test_tv2play_samsung.py::TestTV2PlaySamsung::test_ui_elements_present&#34;: [{&#34;extras&#34;: [], &#34;result&#34;: &#34;Passed&#34;, &#34;testId&#34;: &#34;tests/test_tv2play_samsung.py::TestTV2PlaySamsung::test_ui_elements_present&#34;, &#34;duration&#34;: &#34;00:00:06&#34;, &#34;resultsTableRow&#34;: [&#34;&lt;td class=\&#34;col-result\&#34;&gt;Passed&lt;/td&gt;&#34;, &#34;&lt;td class=\&#34;col-testId\&#34;&gt;tests/test_tv2play_samsung.py::TestTV2PlaySamsung::test_ui_elements_present&lt;/td&gt;&#34;, &#34;&lt;td class=\&#34;col-duration\&#34;&gt;00:00:06&lt;/td&gt;&#34;, &#34;&lt;td class=\&#34;col-links\&#34;&gt;&lt;/td&gt;&#34;], &#34;log&#34;: &#34;---------------------------- Captured stderr setup -----------------------------\n2025-05-20 12:41:46,390 - INFO - Navigating to TV 2 Play Samsung app\n\n------------------------------ Captured log setup ------------------------------\nINFO     test_tv2play_samsung:test_tv2play_samsung.py:70 Navigating to TV 2 Play Samsung app\n\n----------------------------- Captured stderr call -----------------------------\n2025-05-20 12:41:51,454 - INFO - Testing if UI elements are present\n2025-05-20 12:41:51,988 - INFO - Screenshot saved to artifacts/screenshots/tv2play_samsung_ui_elements_20250520-124151.png\n2025-05-20 12:41:52,067 - INFO - Found visible element: html\n2025-05-20 12:41:52,099 - INFO - Found visible element: body\n2025-05-20 12:41:52,106 - INFO - Found visible element: div\n2025-05-20 12:41:52,113 - INFO - Found visible element: div\n2025-05-20 12:41:52,119 - INFO - Found visible element: div\n2025-05-20 12:41:52,125 - INFO - Found visible element: div\n2025-05-20 12:41:52,132 - INFO - Found visible element: div\n2025-05-20 12:41:52,137 - INFO - Found visible element: div\n2025-05-20 12:41:52,143 - INFO - Found visible element: div\n2025-05-20 12:41:52,149 - INFO - Found visible element: div\n2025-05-20 12:41:52,155 - INFO - Found visible element: div\n2025-05-20 12:41:52,161 - INFO - Found visible element: div\n2025-05-20 12:41:52,167 - INFO - Found visible element: div\n2025-05-20 12:41:52,171 - INFO - Found 13 visible elements\n2025-05-20 12:41:52,171 - INFO - UI structure verified with 13 elements\n\n------------------------------ Captured log call -------------------------------\nINFO     test_tv2play_samsung:test_tv2play_samsung.py:89 Testing if UI elements are present\nINFO     test_tv2play_samsung:test_tv2play_samsung.py:162 Screenshot saved to artifacts/screenshots/tv2play_samsung_ui_elements_20250520-124151.png\nINFO     test_tv2play_samsung:test_tv2play_samsung.py:107 Found visible element: html\nINFO     test_tv2play_samsung:test_tv2play_samsung.py:107 Found visible element: body\nINFO     test_tv2play_samsung:test_tv2play_samsung.py:107 Found visible element: div\nINFO     test_tv2play_samsung:test_tv2play_samsung.py:107 Found visible element: div\nINFO     test_tv2play_samsung:test_tv2play_samsung.py:107 Found visible element: div\nINFO     test_tv2play_samsung:test_tv2play_samsung.py:107 Found visible element: div\nINFO     test_tv2play_samsung:test_tv2play_samsung.py:107 Found visible element: div\nINFO     test_tv2play_samsung:test_tv2play_samsung.py:107 Found visible element: div\nINFO     test_tv2play_samsung:test_tv2play_samsung.py:107 Found visible element: div\nINFO     test_tv2play_samsung:test_tv2play_samsung.py:107 Found visible element: div\nINFO     test_tv2play_samsung:test_tv2play_samsung.py:107 Found visible element: div\nINFO     test_tv2play_samsung:test_tv2play_samsung.py:107 Found visible element: div\nINFO     test_tv2play_samsung:test_tv2play_samsung.py:107 Found visible element: div\nINFO     test_tv2play_samsung:test_tv2play_samsung.py:113 Found 13 visible elements\nINFO     test_tv2play_samsung:test_tv2play_samsung.py:117 UI structure verified with 13 elements\n\n&#34;}], &#34;tests/test_tv2play_samsung.py::TestTV2PlaySamsung::test_responsive_design&#34;: [{&#34;extras&#34;: [], &#34;result&#34;: &#34;Passed&#34;, &#34;testId&#34;: &#34;tests/test_tv2play_samsung.py::TestTV2PlaySamsung::test_responsive_design&#34;, &#34;duration&#34;: &#34;00:00:08&#34;, &#34;resultsTableRow&#34;: [&#34;&lt;td class=\&#34;col-result\&#34;&gt;Passed&lt;/td&gt;&#34;, &#34;&lt;td class=\&#34;col-testId\&#34;&gt;tests/test_tv2play_samsung.py::TestTV2PlaySamsung::test_responsive_design&lt;/td&gt;&#34;, &#34;&lt;td class=\&#34;col-duration\&#34;&gt;00:00:08&lt;/td&gt;&#34;, &#34;&lt;td class=\&#34;col-links\&#34;&gt;&lt;/td&gt;&#34;], &#34;log&#34;: &#34;---------------------------- Captured stderr setup -----------------------------\n2025-05-20 12:41:52,172 - INFO - Navigating to TV 2 Play Samsung app\n\n------------------------------ Captured log setup ------------------------------\nINFO     test_tv2play_samsung:test_tv2play_samsung.py:70 Navigating to TV 2 Play Samsung app\n\n----------------------------- Captured stderr call -----------------------------\n2025-05-20 12:41:57,206 - INFO - Testing responsive design\n2025-05-20 12:41:57,211 - INFO - Testing resolution: 1280x720\n2025-05-20 12:41:58,580 - INFO - Screenshot saved to artifacts/screenshots/tv2play_samsung_responsive_1280x720_20250520-124158.png\n2025-05-20 12:41:58,583 - INFO - Testing resolution: 1920x1080\n2025-05-20 12:42:00,480 - INFO - Screenshot saved to artifacts/screenshots/tv2play_samsung_responsive_1920x1080_20250520-124159.png\n\n------------------------------ Captured log call -------------------------------\nINFO     test_tv2play_samsung:test_tv2play_samsung.py:124 Testing responsive design\nINFO     test_tv2play_samsung:test_tv2play_samsung.py:138 Testing resolution: 1280x720\nINFO     test_tv2play_samsung:test_tv2play_samsung.py:162 Screenshot saved to artifacts/screenshots/tv2play_samsung_responsive_1280x720_20250520-124158.png\nINFO     test_tv2play_samsung:test_tv2play_samsung.py:138 Testing resolution: 1920x1080\nINFO     test_tv2play_samsung:test_tv2play_samsung.py:162 Screenshot saved to artifacts/screenshots/tv2play_samsung_responsive_1920x1080_20250520-124159.png\n\n--------------------------- Captured stderr teardown ---------------------------\n2025-05-20 12:42:00,509 - INFO - Tearing down test environment\n\n---------------------------- Captured log teardown -----------------------------\nINFO     test_tv2play_samsung:test_tv2play_samsung.py:167 Tearing down test environment&#34;}], &#34;tests/test_tv2play_lg.py::TestTV2PlayLG::test_page_loads&#34;: [{&#34;extras&#34;: [], &#34;result&#34;: &#34;Passed&#34;, &#34;testId&#34;: &#34;tests/test_tv2play_lg.py::TestTV2PlayLG::test_page_loads&#34;, &#34;duration&#34;: &#34;00:00:07&#34;, &#34;resultsTableRow&#34;: [&#34;&lt;td class=\&#34;col-result\&#34;&gt;Passed&lt;/td&gt;&#34;, &#34;&lt;td class=\&#34;col-testId\&#34;&gt;tests/test_tv2play_lg.py::TestTV2PlayLG::test_page_loads&lt;/td&gt;&#34;, &#34;&lt;td class=\&#34;col-duration\&#34;&gt;00:00:07&lt;/td&gt;&#34;, &#34;&lt;td class=\&#34;col-links\&#34;&gt;&lt;/td&gt;&#34;], &#34;log&#34;: &#34;---------------------------- Captured stderr setup -----------------------------\n2025-05-20 12:42:00,630 - INFO - Setting up test environment\n2025-05-20 12:42:01,791 - INFO - Navigating to TV 2 Play LG app\n\n------------------------------ Captured log setup ------------------------------\nINFO     test_tv2play_lg:test_tv2play_lg.py:46 Setting up test environment\nINFO     test_tv2play_lg:test_tv2play_lg.py:70 Navigating to TV 2 Play LG app\n\n----------------------------- Captured stderr call -----------------------------\n2025-05-20 12:42:07,279 - INFO - Testing if page loads correctly\n2025-05-20 12:42:07,512 - INFO - Screenshot saved to artifacts/screenshots/tv2play_lg_page_load_20250520-124207.png\n2025-05-20 12:42:07,513 - INFO - Page loaded successfully\n\n------------------------------ Captured log call -------------------------------\nINFO     test_tv2play_lg:test_tv2play_lg.py:77 Testing if page loads correctly\nINFO     test_tv2play_lg:test_tv2play_lg.py:162 Screenshot saved to artifacts/screenshots/tv2play_lg_page_load_20250520-124207.png\nINFO     test_tv2play_lg:test_tv2play_lg.py:85 Page loaded successfully\n\n&#34;}], &#34;tests/test_tv2play_lg.py::TestTV2PlayLG::test_ui_elements_present&#34;: [{&#34;extras&#34;: [], &#34;result&#34;: &#34;Passed&#34;, &#34;testId&#34;: &#34;tests/test_tv2play_lg.py::TestTV2PlayLG::test_ui_elements_present&#34;, &#34;duration&#34;: &#34;00:00:05&#34;, &#34;resultsTableRow&#34;: [&#34;&lt;td class=\&#34;col-result\&#34;&gt;Passed&lt;/td&gt;&#34;, &#34;&lt;td class=\&#34;col-testId\&#34;&gt;tests/test_tv2play_lg.py::TestTV2PlayLG::test_ui_elements_present&lt;/td&gt;&#34;, &#34;&lt;td class=\&#34;col-duration\&#34;&gt;00:00:05&lt;/td&gt;&#34;, &#34;&lt;td class=\&#34;col-links\&#34;&gt;&lt;/td&gt;&#34;], &#34;log&#34;: &#34;---------------------------- Captured stderr setup -----------------------------\n2025-05-20 12:42:07,514 - INFO - Navigating to TV 2 Play LG app\n\n------------------------------ Captured log setup ------------------------------\nINFO     test_tv2play_lg:test_tv2play_lg.py:70 Navigating to TV 2 Play LG app\n\n----------------------------- Captured stderr call -----------------------------\n2025-05-20 12:42:12,528 - INFO - Testing if UI elements are present\n2025-05-20 12:42:12,763 - INFO - Screenshot saved to artifacts/screenshots/tv2play_lg_ui_elements_20250520-124212.png\n2025-05-20 12:42:12,783 - INFO - Found visible element: html\n2025-05-20 12:42:12,812 - INFO - Found visible element: body\n2025-05-20 12:42:12,821 - INFO - Found visible element: div\n2025-05-20 12:42:12,827 - INFO - Found visible element: img\n2025-05-20 12:42:12,845 - INFO - Found 4 visible elements\n2025-05-20 12:42:12,845 - INFO - UI structure verified with 4 elements\n\n------------------------------ Captured log call -------------------------------\nINFO     test_tv2play_lg:test_tv2play_lg.py:89 Testing if UI elements are present\nINFO     test_tv2play_lg:test_tv2play_lg.py:162 Screenshot saved to artifacts/screenshots/tv2play_lg_ui_elements_20250520-124212.png\nINFO     test_tv2play_lg:test_tv2play_lg.py:107 Found visible element: html\nINFO     test_tv2play_lg:test_tv2play_lg.py:107 Found visible element: body\nINFO     test_tv2play_lg:test_tv2play_lg.py:107 Found visible element: div\nINFO     test_tv2play_lg:test_tv2play_lg.py:107 Found visible element: img\nINFO     test_tv2play_lg:test_tv2play_lg.py:113 Found 4 visible elements\nINFO     test_tv2play_lg:test_tv2play_lg.py:117 UI structure verified with 4 elements\n\n&#34;}], &#34;tests/test_tv2play_lg.py::TestTV2PlayLG::test_responsive_design&#34;: [{&#34;extras&#34;: [], &#34;result&#34;: &#34;Passed&#34;, &#34;testId&#34;: &#34;tests/test_tv2play_lg.py::TestTV2PlayLG::test_responsive_design&#34;, &#34;duration&#34;: &#34;00:00:08&#34;, &#34;resultsTableRow&#34;: [&#34;&lt;td class=\&#34;col-result\&#34;&gt;Passed&lt;/td&gt;&#34;, &#34;&lt;td class=\&#34;col-testId\&#34;&gt;tests/test_tv2play_lg.py::TestTV2PlayLG::test_responsive_design&lt;/td&gt;&#34;, &#34;&lt;td class=\&#34;col-duration\&#34;&gt;00:00:08&lt;/td&gt;&#34;, &#34;&lt;td class=\&#34;col-links\&#34;&gt;&lt;/td&gt;&#34;], &#34;log&#34;: &#34;---------------------------- Captured stderr setup -----------------------------\n2025-05-20 12:42:12,846 - INFO - Navigating to TV 2 Play LG app\n\n------------------------------ Captured log setup ------------------------------\nINFO     test_tv2play_lg:test_tv2play_lg.py:70 Navigating to TV 2 Play LG app\n\n----------------------------- Captured stderr call -----------------------------\n2025-05-20 12:42:17,856 - INFO - Testing responsive design\n2025-05-20 12:42:17,860 - INFO - Testing resolution: 1280x720\n2025-05-20 12:42:19,092 - INFO - Screenshot saved to artifacts/screenshots/tv2play_lg_responsive_1280x720_20250520-124218.png\n2025-05-20 12:42:19,094 - INFO - Testing resolution: 1920x1080\n2025-05-20 12:42:20,672 - INFO - Screenshot saved to artifacts/screenshots/tv2play_lg_responsive_1920x1080_20250520-124220.png\n\n------------------------------ Captured log call -------------------------------\nINFO     test_tv2play_lg:test_tv2play_lg.py:124 Testing responsive design\nINFO     test_tv2play_lg:test_tv2play_lg.py:138 Testing resolution: 1280x720\nINFO     test_tv2play_lg:test_tv2play_lg.py:162 Screenshot saved to artifacts/screenshots/tv2play_lg_responsive_1280x720_20250520-124218.png\nINFO     test_tv2play_lg:test_tv2play_lg.py:138 Testing resolution: 1920x1080\nINFO     test_tv2play_lg:test_tv2play_lg.py:162 Screenshot saved to artifacts/screenshots/tv2play_lg_responsive_1920x1080_20250520-124220.png\n\n--------------------------- Captured stderr teardown ---------------------------\n2025-05-20 12:42:20,691 - INFO - Tearing down test environment\n\n---------------------------- Captured log teardown -----------------------------\nINFO     test_tv2play_lg:test_tv2play_lg.py:167 Tearing down test environment&#34;}], &#34;tests/test_lg.py::test_website_loads&#34;: [{&#34;extras&#34;: [], &#34;result&#34;: &#34;Passed&#34;, &#34;testId&#34;: &#34;tests/test_lg.py::test_website_loads&#34;, &#34;duration&#34;: &#34;00:00:03&#34;, &#34;resultsTableRow&#34;: [&#34;&lt;td class=\&#34;col-result\&#34;&gt;Passed&lt;/td&gt;&#34;, &#34;&lt;td class=\&#34;col-testId\&#34;&gt;tests/test_lg.py::test_website_loads&lt;/td&gt;&#34;, &#34;&lt;td class=\&#34;col-duration\&#34;&gt;00:00:03&lt;/td&gt;&#34;, &#34;&lt;td class=\&#34;col-links\&#34;&gt;&lt;/td&gt;&#34;], &#34;log&#34;: &#34;----------------------------- Captured stdout call -----------------------------\nWebsite loaded successfully\n&#34;}], &#34;tests/test_lg.py::test_responsive_design&#34;: [{&#34;extras&#34;: [], &#34;result&#34;: &#34;Passed&#34;, &#34;testId&#34;: &#34;tests/test_lg.py::test_responsive_design&#34;, &#34;duration&#34;: &#34;00:00:05&#34;, &#34;resultsTableRow&#34;: [&#34;&lt;td class=\&#34;col-result\&#34;&gt;Passed&lt;/td&gt;&#34;, &#34;&lt;td class=\&#34;col-testId\&#34;&gt;tests/test_lg.py::test_responsive_design&lt;/td&gt;&#34;, &#34;&lt;td class=\&#34;col-duration\&#34;&gt;00:00:05&lt;/td&gt;&#34;, &#34;&lt;td class=\&#34;col-links\&#34;&gt;&lt;/td&gt;&#34;], &#34;log&#34;: &#34;----------------------------- Captured stdout call -----------------------------\nTesting resolution: 1920x1080\nTesting resolution: 1280x720\n&#34;}], &#34;tests/test_philips.py::test_philips_app_loads&#34;: [{&#34;extras&#34;: [], &#34;result&#34;: &#34;Failed&#34;, &#34;testId&#34;: &#34;tests/test_philips.py::test_philips_app_loads&#34;, &#34;duration&#34;: &#34;00:00:22&#34;, &#34;resultsTableRow&#34;: [&#34;&lt;td class=\&#34;col-result\&#34;&gt;Failed&lt;/td&gt;&#34;, &#34;&lt;td class=\&#34;col-testId\&#34;&gt;tests/test_philips.py::test_philips_app_loads&lt;/td&gt;&#34;, &#34;&lt;td class=\&#34;col-duration\&#34;&gt;00:00:22&lt;/td&gt;&#34;, &#34;&lt;td class=\&#34;col-links\&#34;&gt;&lt;/td&gt;&#34;], &#34;log&#34;: &#34;driver = &amp;lt;selenium.webdriver.chrome.webdriver.WebDriver (session=&amp;quot;8b590d69fbc3503b1a4d017fabcad9ca&amp;quot;)&amp;gt;\n\n    def test_philips_app_loads(driver):\n        &amp;quot;&amp;quot;&amp;quot;Test that the Philips TV app loads successfully.&amp;quot;&amp;quot;&amp;quot;\n        driver.get(PHILIPS_APP_URL)\n    \n        # Wait for the app to load\n        try:\n&amp;gt;           WebDriverWait(driver, 20).until(\n                EC.presence_of_element_located((By.CSS_SELECTOR, &amp;quot;.app-container, #app, .tv-app&amp;quot;))\n            )\n\ntests/test_philips.py:41: \n_ _ _ _ _ _ _ _ _ _ _ _ _ _ _ _ _ _ _ _ _ _ _ _ _ _ _ _ _ _ _ _ _ _ _ _ _ _ _ _ _ _ _ _ _ _ _ _ _ _ _ _ _ _ _ _ _ _ _\n\nself = &amp;lt;selenium.webdriver.support.wait.WebDriverWait (session=&amp;quot;8b590d69fbc3503b1a4d017fabcad9ca&amp;quot;)&amp;gt;\nmethod = &amp;lt;function presence_of_element_located.&amp;lt;locals&amp;gt;._predicate at 0x1051ed8b0&amp;gt;, message = &amp;#x27;&amp;#x27;\n\n    def until(self, method: Callable[[WebDriver], Union[Literal[False], T]], message: str = &amp;quot;&amp;quot;) -&amp;gt; T:\n        &amp;quot;&amp;quot;&amp;quot;Calls the method provided with the driver as an argument until the \\\n        return value does not evaluate to ``False``.\n    \n        :param method: callable(WebDriver)\n        :param message: optional message for :exc:`TimeoutException`\n        :returns: the result of the last call to `method`\n        :raises: :exc:`selenium.common.exceptions.TimeoutException` if timeout occurs\n        &amp;quot;&amp;quot;&amp;quot;\n        screen = None\n        stacktrace = None\n    \n        end_time = time.monotonic() + self._timeout\n        while True:\n            try:\n                value = method(self._driver)\n                if value:\n                    return value\n            except self._ignored_exceptions as exc:\n                screen = getattr(exc, &amp;quot;screen&amp;quot;, None)\n                stacktrace = getattr(exc, &amp;quot;stacktrace&amp;quot;, None)\n            time.sleep(self._poll)\n            if time.monotonic() &amp;gt; end_time:\n                break\n&amp;gt;       raise TimeoutException(message, screen, stacktrace)\nE       selenium.common.exceptions.TimeoutException: Message: \nE       Stacktrace:\nE       0   chromedriver                        0x00000001012083cc cxxbridge1$str$ptr + 2829900\nE       1   chromedriver                        0x0000000101200694 cxxbridge1$str$ptr + 2797844\nE       2   chromedriver                        0x0000000100d3dfbc cxxbridge1$string$len + 90140\nE       3   chromedriver                        0x0000000100d851bc cxxbridge1$string$len + 381468\nE       4   chromedriver                        0x0000000100dc6044 cxxbridge1$string$len + 647332\nE       5   chromedriver                        0x0000000100d793f8 cxxbridge1$string$len + 332888\nE       6   chromedriver                        0x00000001011cc7f0 cxxbridge1$str$ptr + 2585200\nE       7   chromedriver                        0x00000001011cfac0 cxxbridge1$str$ptr + 2598208\nE       8   chromedriver                        0x00000001011addc4 cxxbridge1$str$ptr + 2459716\nE       9   chromedriver                        0x00000001011d0338 cxxbridge1$str$ptr + 2600376\nE       10  chromedriver                        0x000000010119f650 cxxbridge1$str$ptr + 2400464\nE       11  chromedriver                        0x00000001011f029c cxxbridge1$str$ptr + 2731292\nE       12  chromedriver                        0x00000001011f0428 cxxbridge1$str$ptr + 2731688\nE       13  chromedriver                        0x00000001012002e0 cxxbridge1$str$ptr + 2796896\nE       14  libsystem_pthread.dylib             0x0000000194071c0c _pthread_start + 136\nE       15  libsystem_pthread.dylib             0x000000019406cb80 thread_start + 8\n\nvenv/lib/python3.9/site-packages/selenium/webdriver/support/wait.py:101: TimeoutException\n\nDuring handling of the above exception, another exception occurred:\n\ndriver = &amp;lt;selenium.webdriver.chrome.webdriver.WebDriver (session=&amp;quot;8b590d69fbc3503b1a4d017fabcad9ca&amp;quot;)&amp;gt;\n\n    def test_philips_app_loads(driver):\n        &amp;quot;&amp;quot;&amp;quot;Test that the Philips TV app loads successfully.&amp;quot;&amp;quot;&amp;quot;\n        driver.get(PHILIPS_APP_URL)\n    \n        # Wait for the app to load\n        try:\n            WebDriverWait(driver, 20).until(\n                EC.presence_of_element_located((By.CSS_SELECTOR, &amp;quot;.app-container, #app, .tv-app&amp;quot;))\n            )\n            assert &amp;quot;TV 2 Play&amp;quot; in driver.title\n            print(&amp;quot;Philips TV app loaded successfully&amp;quot;)\n        except TimeoutException:\n&amp;gt;           pytest.fail(&amp;quot;Philips TV app failed to load within the timeout period&amp;quot;)\nE           Failed: Philips TV app failed to load within the timeout period\n\ntests/test_philips.py:47: Failed\n--------------------------- Captured stderr teardown ---------------------------\n2025-05-20 12:42:51,066 - ERROR - Failed to capture screenshot on test failure: &amp;#x27;NoneType&amp;#x27; object has no attribute &amp;#x27;driver&amp;#x27;\n&#34;}], &#34;tests/test_philips.py::test_responsive_design&#34;: [{&#34;extras&#34;: [], &#34;result&#34;: &#34;Failed&#34;, &#34;testId&#34;: &#34;tests/test_philips.py::test_responsive_design&#34;, &#34;duration&#34;: &#34;00:00:12&#34;, &#34;resultsTableRow&#34;: [&#34;&lt;td class=\&#34;col-result\&#34;&gt;Failed&lt;/td&gt;&#34;, &#34;&lt;td class=\&#34;col-testId\&#34;&gt;tests/test_philips.py::test_responsive_design&lt;/td&gt;&#34;, &#34;&lt;td class=\&#34;col-duration\&#34;&gt;00:00:12&lt;/td&gt;&#34;, &#34;&lt;td class=\&#34;col-links\&#34;&gt;&lt;/td&gt;&#34;], &#34;log&#34;: &#34;driver = &amp;lt;selenium.webdriver.chrome.webdriver.WebDriver (session=&amp;quot;7ff8fe7b67317bbe8a56000479796141&amp;quot;)&amp;gt;\n\n    def test_responsive_design(driver):\n        &amp;quot;&amp;quot;&amp;quot;Test the app&amp;#x27;s responsive design across different screen resolutions.&amp;quot;&amp;quot;&amp;quot;\n        for width, height in RESOLUTIONS:\n            driver.set_window_size(width, height)\n            driver.get(PHILIPS_APP_URL)\n    \n            try:\n&amp;gt;               WebDriverWait(driver, 10).until(\n                    EC.presence_of_element_located((By.CSS_SELECTOR, &amp;quot;.app-container, #app, .tv-app&amp;quot;))\n                )\n\ntests/test_philips.py:56: \n_ _ _ _ _ _ _ _ _ _ _ _ _ _ _ _ _ _ _ _ _ _ _ _ _ _ _ _ _ _ _ _ _ _ _ _ _ _ _ _ _ _ _ _ _ _ _ _ _ _ _ _ _ _ _ _ _ _ _\n\nself = &amp;lt;selenium.webdriver.support.wait.WebDriverWait (session=&amp;quot;7ff8fe7b67317bbe8a56000479796141&amp;quot;)&amp;gt;\nmethod = &amp;lt;function presence_of_element_located.&amp;lt;locals&amp;gt;._predicate at 0x105283430&amp;gt;, message = &amp;#x27;&amp;#x27;\n\n    def until(self, method: Callable[[WebDriver], Union[Literal[False], T]], message: str = &amp;quot;&amp;quot;) -&amp;gt; T:\n        &amp;quot;&amp;quot;&amp;quot;Calls the method provided with the driver as an argument until the \\\n        return value does not evaluate to ``False``.\n    \n        :param method: callable(WebDriver)\n        :param message: optional message for :exc:`TimeoutException`\n        :returns: the result of the last call to `method`\n        :raises: :exc:`selenium.common.exceptions.TimeoutException` if timeout occurs\n        &amp;quot;&amp;quot;&amp;quot;\n        screen = None\n        stacktrace = None\n    \n        end_time = time.monotonic() + self._timeout\n        while True:\n            try:\n                value = method(self._driver)\n                if value:\n                    return value\n            except self._ignored_exceptions as exc:\n                screen = getattr(exc, &amp;quot;screen&amp;quot;, None)\n                stacktrace = getattr(exc, &amp;quot;stacktrace&amp;quot;, None)\n            time.sleep(self._poll)\n            if time.monotonic() &amp;gt; end_time:\n                break\n&amp;gt;       raise TimeoutException(message, screen, stacktrace)\nE       selenium.common.exceptions.TimeoutException: Message: \nE       Stacktrace:\nE       0   chromedriver                        0x000000010258c3cc cxxbridge1$str$ptr + 2829900\nE       1   chromedriver                        0x0000000102584694 cxxbridge1$str$ptr + 2797844\nE       2   chromedriver                        0x00000001020c1fbc cxxbridge1$string$len + 90140\nE       3   chromedriver                        0x00000001021091bc cxxbridge1$string$len + 381468\nE       4   chromedriver                        0x000000010214a044 cxxbridge1$string$len + 647332\nE       5   chromedriver                        0x00000001020fd3f8 cxxbridge1$string$len + 332888\nE       6   chromedriver                        0x00000001025507f0 cxxbridge1$str$ptr + 2585200\nE       7   chromedriver                        0x0000000102553ac0 cxxbridge1$str$ptr + 2598208\nE       8   chromedriver                        0x0000000102531dc4 cxxbridge1$str$ptr + 2459716\nE       9   chromedriver                        0x0000000102554338 cxxbridge1$str$ptr + 2600376\nE       10  chromedriver                        0x0000000102523650 cxxbridge1$str$ptr + 2400464\nE       11  chromedriver                        0x000000010257429c cxxbridge1$str$ptr + 2731292\nE       12  chromedriver                        0x0000000102574428 cxxbridge1$str$ptr + 2731688\nE       13  chromedriver                        0x00000001025842e0 cxxbridge1$str$ptr + 2796896\nE       14  libsystem_pthread.dylib             0x0000000194071c0c _pthread_start + 136\nE       15  libsystem_pthread.dylib             0x000000019406cb80 thread_start + 8\n\nvenv/lib/python3.9/site-packages/selenium/webdriver/support/wait.py:101: TimeoutException\n\nDuring handling of the above exception, another exception occurred:\n\ndriver = &amp;lt;selenium.webdriver.chrome.webdriver.WebDriver (session=&amp;quot;7ff8fe7b67317bbe8a56000479796141&amp;quot;)&amp;gt;\n\n    def test_responsive_design(driver):\n        &amp;quot;&amp;quot;&amp;quot;Test the app&amp;#x27;s responsive design across different screen resolutions.&amp;quot;&amp;quot;&amp;quot;\n        for width, height in RESOLUTIONS:\n            driver.set_window_size(width, height)\n            driver.get(PHILIPS_APP_URL)\n    \n            try:\n                WebDriverWait(driver, 10).until(\n                    EC.presence_of_element_located((By.CSS_SELECTOR, &amp;quot;.app-container, #app, .tv-app&amp;quot;))\n                )\n                # Take screenshot for visual verification\n                driver.save_screenshot(f&amp;quot;philips_resolution_{width}x{height}.png&amp;quot;)\n    \n                # Check if the layout adjusts properly\n                viewport_width = driver.execute_script(&amp;quot;return window.innerWidth&amp;quot;)\n                viewport_height = driver.execute_script(&amp;quot;return window.innerHeight&amp;quot;)\n    \n                assert abs(viewport_width - width) &amp;lt;= 10\n                assert abs(viewport_height - height) &amp;lt;= 10\n    \n                print(f&amp;quot;Responsive design works for resolution {width}x{height}&amp;quot;)\n            except (TimeoutException, AssertionError) as e:\n&amp;gt;               pytest.fail(f&amp;quot;Responsive design test failed for resolution {width}x{height}: {str(e)}&amp;quot;)\nE               Failed: Responsive design test failed for resolution 1920x1080: Message: \nE               Stacktrace:\nE               0   chromedriver                        0x000000010258c3cc cxxbridge1$str$ptr + 2829900\nE               1   chromedriver                        0x0000000102584694 cxxbridge1$str$ptr + 2797844\nE               2   chromedriver                        0x00000001020c1fbc cxxbridge1$string$len + 90140\nE               3   chromedriver                        0x00000001021091bc cxxbridge1$string$len + 381468\nE               4   chromedriver                        0x000000010214a044 cxxbridge1$string$len + 647332\nE               5   chromedriver                        0x00000001020fd3f8 cxxbridge1$string$len + 332888\nE               6   chromedriver                        0x00000001025507f0 cxxbridge1$str$ptr + 2585200\nE               7   chromedriver                        0x0000000102553ac0 cxxbridge1$str$ptr + 2598208\nE               8   chromedriver                        0x0000000102531dc4 cxxbridge1$str$ptr + 2459716\nE               9   chromedriver                        0x0000000102554338 cxxbridge1$str$ptr + 2600376\nE               10  chromedriver                        0x0000000102523650 cxxbridge1$str$ptr + 2400464\nE               11  chromedriver                        0x000000010257429c cxxbridge1$str$ptr + 2731292\nE               12  chromedriver                        0x0000000102574428 cxxbridge1$str$ptr + 2731688\nE               13  chromedriver                        0x00000001025842e0 cxxbridge1$str$ptr + 2796896\nE               14  libsystem_pthread.dylib             0x0000000194071c0c _pthread_start + 136\nE               15  libsystem_pthread.dylib             0x000000019406cb80 thread_start + 8\n\ntests/test_philips.py:71: Failed\n--------------------------- Captured stderr teardown ---------------------------\n2025-05-20 12:43:03,710 - ERROR - Failed to capture screenshot on test failure: &amp;#x27;NoneType&amp;#x27; object has no attribute &amp;#x27;driver&amp;#x27;\n&#34;}], &#34;tests/test_philips.py::test_navigation&#34;: [{&#34;extras&#34;: [], &#34;result&#34;: &#34;Failed&#34;, &#34;testId&#34;: &#34;tests/test_philips.py::test_navigation&#34;, &#34;duration&#34;: &#34;00:00:23&#34;, &#34;resultsTableRow&#34;: [&#34;&lt;td class=\&#34;col-result\&#34;&gt;Failed&lt;/td&gt;&#34;, &#34;&lt;td class=\&#34;col-testId\&#34;&gt;tests/test_philips.py::test_navigation&lt;/td&gt;&#34;, &#34;&lt;td class=\&#34;col-duration\&#34;&gt;00:00:23&lt;/td&gt;&#34;, &#34;&lt;td class=\&#34;col-links\&#34;&gt;&lt;/td&gt;&#34;], &#34;log&#34;: &#34;driver = &amp;lt;selenium.webdriver.chrome.webdriver.WebDriver (session=&amp;quot;2d7583be406d909d9a766fdaaa85169f&amp;quot;)&amp;gt;\n\n    def test_navigation(driver):\n        &amp;quot;&amp;quot;&amp;quot;Test navigation through the Philips TV app.&amp;quot;&amp;quot;&amp;quot;\n        driver.get(PHILIPS_APP_URL)\n    \n        # Wait for the app to load\n&amp;gt;       WebDriverWait(driver, 20).until(\n            EC.presence_of_element_located((By.CSS_SELECTOR, &amp;quot;.app-container, #app, .tv-app&amp;quot;))\n        )\n\ntests/test_philips.py:78: \n_ _ _ _ _ _ _ _ _ _ _ _ _ _ _ _ _ _ _ _ _ _ _ _ _ _ _ _ _ _ _ _ _ _ _ _ _ _ _ _ _ _ _ _ _ _ _ _ _ _ _ _ _ _ _ _ _ _ _\n\nself = &amp;lt;selenium.webdriver.support.wait.WebDriverWait (session=&amp;quot;2d7583be406d909d9a766fdaaa85169f&amp;quot;)&amp;gt;\nmethod = &amp;lt;function presence_of_element_located.&amp;lt;locals&amp;gt;._predicate at 0x1052a9af0&amp;gt;, message = &amp;#x27;&amp;#x27;\n\n    def until(self, method: Callable[[WebDriver], Union[Literal[False], T]], message: str = &amp;quot;&amp;quot;) -&amp;gt; T:\n        &amp;quot;&amp;quot;&amp;quot;Calls the method provided with the driver as an argument until the \\\n        return value does not evaluate to ``False``.\n    \n        :param method: callable(WebDriver)\n        :param message: optional message for :exc:`TimeoutException`\n        :returns: the result of the last call to `method`\n        :raises: :exc:`selenium.common.exceptions.TimeoutException` if timeout occurs\n        &amp;quot;&amp;quot;&amp;quot;\n        screen = None\n        stacktrace = None\n    \n        end_time = time.monotonic() + self._timeout\n        while True:\n            try:\n                value = method(self._driver)\n                if value:\n                    return value\n            except self._ignored_exceptions as exc:\n                screen = getattr(exc, &amp;quot;screen&amp;quot;, None)\n                stacktrace = getattr(exc, &amp;quot;stacktrace&amp;quot;, None)\n            time.sleep(self._poll)\n            if time.monotonic() &amp;gt; end_time:\n                break\n&amp;gt;       raise TimeoutException(message, screen, stacktrace)\nE       selenium.common.exceptions.TimeoutException: Message: \nE       Stacktrace:\nE       0   chromedriver                        0x00000001053203cc cxxbridge1$str$ptr + 2829900\nE       1   chromedriver                        0x0000000105318694 cxxbridge1$str$ptr + 2797844\nE       2   chromedriver                        0x0000000104e55fbc cxxbridge1$string$len + 90140\nE       3   chromedriver                        0x0000000104e9d1bc cxxbridge1$string$len + 381468\nE       4   chromedriver                        0x0000000104ede044 cxxbridge1$string$len + 647332\nE       5   chromedriver                        0x0000000104e913f8 cxxbridge1$string$len + 332888\nE       6   chromedriver                        0x00000001052e47f0 cxxbridge1$str$ptr + 2585200\nE       7   chromedriver                        0x00000001052e7ac0 cxxbridge1$str$ptr + 2598208\nE       8   chromedriver                        0x00000001052c5dc4 cxxbridge1$str$ptr + 2459716\nE       9   chromedriver                        0x00000001052e8338 cxxbridge1$str$ptr + 2600376\nE       10  chromedriver                        0x00000001052b7650 cxxbridge1$str$ptr + 2400464\nE       11  chromedriver                        0x000000010530829c cxxbridge1$str$ptr + 2731292\nE       12  chromedriver                        0x0000000105308428 cxxbridge1$str$ptr + 2731688\nE       13  chromedriver                        0x00000001053182e0 cxxbridge1$str$ptr + 2796896\nE       14  libsystem_pthread.dylib             0x0000000194071c0c _pthread_start + 136\nE       15  libsystem_pthread.dylib             0x000000019406cb80 thread_start + 8\n\nvenv/lib/python3.9/site-packages/selenium/webdriver/support/wait.py:101: TimeoutException\n--------------------------- Captured stderr teardown ---------------------------\n2025-05-20 12:43:26,447 - ERROR - Failed to capture screenshot on test failure: &amp;#x27;NoneType&amp;#x27; object has no attribute &amp;#x27;driver&amp;#x27;\n&#34;}], &#34;tests/test_philips.py::test_performance_metrics&#34;: [{&#34;extras&#34;: [], &#34;result&#34;: &#34;Failed&#34;, &#34;testId&#34;: &#34;tests/test_philips.py::test_performance_metrics&#34;, &#34;duration&#34;: &#34;00:00:32&#34;, &#34;resultsTableRow&#34;: [&#34;&lt;td class=\&#34;col-result\&#34;&gt;Failed&lt;/td&gt;&#34;, &#34;&lt;td class=\&#34;col-testId\&#34;&gt;tests/test_philips.py::test_performance_metrics&lt;/td&gt;&#34;, &#34;&lt;td class=\&#34;col-duration\&#34;&gt;00:00:32&lt;/td&gt;&#34;, &#34;&lt;td class=\&#34;col-links\&#34;&gt;&lt;/td&gt;&#34;], &#34;log&#34;: &#34;driver = &amp;lt;selenium.webdriver.chrome.webdriver.WebDriver (session=&amp;quot;92bd5271e063a45b89d79f69461823eb&amp;quot;)&amp;gt;\n\n    def test_performance_metrics(driver):\n        &amp;quot;&amp;quot;&amp;quot;Test performance metrics of the Philips TV app.&amp;quot;&amp;quot;&amp;quot;\n        driver.get(PHILIPS_APP_URL)\n    \n        # Measure load time\n        start_time = time.time()\n    \n        try:\n&amp;gt;           WebDriverWait(driver, 30).until(\n                EC.presence_of_element_located((By.CSS_SELECTOR, &amp;quot;.app-container, #app, .tv-app&amp;quot;))\n            )\n\ntests/test_philips.py:120: \n_ _ _ _ _ _ _ _ _ _ _ _ _ _ _ _ _ _ _ _ _ _ _ _ _ _ _ _ _ _ _ _ _ _ _ _ _ _ _ _ _ _ _ _ _ _ _ _ _ _ _ _ _ _ _ _ _ _ _\n\nself = &amp;lt;selenium.webdriver.support.wait.WebDriverWait (session=&amp;quot;92bd5271e063a45b89d79f69461823eb&amp;quot;)&amp;gt;\nmethod = &amp;lt;function presence_of_element_located.&amp;lt;locals&amp;gt;._predicate at 0x1052b13a0&amp;gt;, message = &amp;#x27;&amp;#x27;\n\n    def until(self, method: Callable[[WebDriver], Union[Literal[False], T]], message: str = &amp;quot;&amp;quot;) -&amp;gt; T:\n        &amp;quot;&amp;quot;&amp;quot;Calls the method provided with the driver as an argument until the \\\n        return value does not evaluate to ``False``.\n    \n        :param method: callable(WebDriver)\n        :param message: optional message for :exc:`TimeoutException`\n        :returns: the result of the last call to `method`\n        :raises: :exc:`selenium.common.exceptions.TimeoutException` if timeout occurs\n        &amp;quot;&amp;quot;&amp;quot;\n        screen = None\n        stacktrace = None\n    \n        end_time = time.monotonic() + self._timeout\n        while True:\n            try:\n                value = method(self._driver)\n                if value:\n                    return value\n            except self._ignored_exceptions as exc:\n                screen = getattr(exc, &amp;quot;screen&amp;quot;, None)\n                stacktrace = getattr(exc, &amp;quot;stacktrace&amp;quot;, None)\n            time.sleep(self._poll)\n            if time.monotonic() &amp;gt; end_time:\n                break\n&amp;gt;       raise TimeoutException(message, screen, stacktrace)\nE       selenium.common.exceptions.TimeoutException: Message: \nE       Stacktrace:\nE       0   chromedriver                        0x00000001011603cc cxxbridge1$str$ptr + 2829900\nE       1   chromedriver                        0x0000000101158694 cxxbridge1$str$ptr + 2797844\nE       2   chromedriver                        0x0000000100c95fbc cxxbridge1$string$len + 90140\nE       3   chromedriver                        0x0000000100cdd1bc cxxbridge1$string$len + 381468\nE       4   chromedriver                        0x0000000100d1e044 cxxbridge1$string$len + 647332\nE       5   chromedriver                        0x0000000100cd13f8 cxxbridge1$string$len + 332888\nE       6   chromedriver                        0x00000001011247f0 cxxbridge1$str$ptr + 2585200\nE       7   chromedriver                        0x0000000101127ac0 cxxbridge1$str$ptr + 2598208\nE       8   chromedriver                        0x0000000101105dc4 cxxbridge1$str$ptr + 2459716\nE       9   chromedriver                        0x0000000101128338 cxxbridge1$str$ptr + 2600376\nE       10  chromedriver                        0x00000001010f7650 cxxbridge1$str$ptr + 2400464\nE       11  chromedriver                        0x000000010114829c cxxbridge1$str$ptr + 2731292\nE       12  chromedriver                        0x0000000101148428 cxxbridge1$str$ptr + 2731688\nE       13  chromedriver                        0x00000001011582e0 cxxbridge1$str$ptr + 2796896\nE       14  libsystem_pthread.dylib             0x0000000194071c0c _pthread_start + 136\nE       15  libsystem_pthread.dylib             0x000000019406cb80 thread_start + 8\n\nvenv/lib/python3.9/site-packages/selenium/webdriver/support/wait.py:101: TimeoutException\n\nDuring handling of the above exception, another exception occurred:\n\ndriver = &amp;lt;selenium.webdriver.chrome.webdriver.WebDriver (session=&amp;quot;92bd5271e063a45b89d79f69461823eb&amp;quot;)&amp;gt;\n\n    def test_performance_metrics(driver):\n        &amp;quot;&amp;quot;&amp;quot;Test performance metrics of the Philips TV app.&amp;quot;&amp;quot;&amp;quot;\n        driver.get(PHILIPS_APP_URL)\n    \n        # Measure load time\n        start_time = time.time()\n    \n        try:\n            WebDriverWait(driver, 30).until(\n                EC.presence_of_element_located((By.CSS_SELECTOR, &amp;quot;.app-container, #app, .tv-app&amp;quot;))\n            )\n            load_time = time.time() - start_time\n    \n            # Log performance data\n            print(f&amp;quot;Page load time: {load_time:.2f} seconds&amp;quot;)\n    \n            # Execute JavaScript to get performance metrics\n            navigation_timing = driver.execute_script(&amp;quot;&amp;quot;&amp;quot;\n                var performance = window.performance || {};\n                var timings = performance.timing || {};\n                return {\n                    navigationStart: timings.navigationStart,\n                    responseEnd: timings.responseEnd,\n                    domComplete: timings.domComplete,\n                    loadEventEnd: timings.loadEventEnd\n                };\n            &amp;quot;&amp;quot;&amp;quot;)\n    \n            if navigation_timing[&amp;#x27;navigationStart&amp;#x27;]:\n                dns_time = (navigation_timing[&amp;#x27;responseEnd&amp;#x27;] - navigation_timing[&amp;#x27;navigationStart&amp;#x27;]) / 1000\n                dom_load_time = (navigation_timing[&amp;#x27;domComplete&amp;#x27;] - navigation_timing[&amp;#x27;navigationStart&amp;#x27;]) / 1000\n                page_load_time = (navigation_timing[&amp;#x27;loadEventEnd&amp;#x27;] - navigation_timing[&amp;#x27;navigationStart&amp;#x27;]) / 1000\n    \n                print(f&amp;quot;DNS Time: {dns_time:.2f} seconds&amp;quot;)\n                print(f&amp;quot;DOM Load Time: {dom_load_time:.2f} seconds&amp;quot;)\n                print(f&amp;quot;Total Page Load Time: {page_load_time:.2f} seconds&amp;quot;)\n    \n                # Assert reasonable performance\n                assert page_load_time &amp;lt; 10, f&amp;quot;Page load time ({page_load_time:.2f}s) exceeds threshold of 10s&amp;quot;\n        except (TimeoutException, AssertionError) as e:\n&amp;gt;           pytest.fail(f&amp;quot;Performance test failed: {str(e)}&amp;quot;)\nE           Failed: Performance test failed: Message: \nE           Stacktrace:\nE           0   chromedriver                        0x00000001011603cc cxxbridge1$str$ptr + 2829900\nE           1   chromedriver                        0x0000000101158694 cxxbridge1$str$ptr + 2797844\nE           2   chromedriver                        0x0000000100c95fbc cxxbridge1$string$len + 90140\nE           3   chromedriver                        0x0000000100cdd1bc cxxbridge1$string$len + 381468\nE           4   chromedriver                        0x0000000100d1e044 cxxbridge1$string$len + 647332\nE           5   chromedriver                        0x0000000100cd13f8 cxxbridge1$string$len + 332888\nE           6   chromedriver                        0x00000001011247f0 cxxbridge1$str$ptr + 2585200\nE           7   chromedriver                        0x0000000101127ac0 cxxbridge1$str$ptr + 2598208\nE           8   chromedriver                        0x0000000101105dc4 cxxbridge1$str$ptr + 2459716\nE           9   chromedriver                        0x0000000101128338 cxxbridge1$str$ptr + 2600376\nE           10  chromedriver                        0x00000001010f7650 cxxbridge1$str$ptr + 2400464\nE           11  chromedriver                        0x000000010114829c cxxbridge1$str$ptr + 2731292\nE           12  chromedriver                        0x0000000101148428 cxxbridge1$str$ptr + 2731688\nE           13  chromedriver                        0x00000001011582e0 cxxbridge1$str$ptr + 2796896\nE           14  libsystem_pthread.dylib             0x0000000194071c0c _pthread_start + 136\nE           15  libsystem_pthread.dylib             0x000000019406cb80 thread_start + 8\n\ntests/test_philips.py:152: Failed\n--------------------------- Captured stderr teardown ---------------------------\n2025-05-20 12:43:59,054 - ERROR - Failed to capture screenshot on test failure: &amp;#x27;NoneType&amp;#x27; object has no attribute &amp;#x27;driver&amp;#x27;\n&#34;}], &#34;tests/test_philips.py::test_philips_specific_features&#34;: [{&#34;extras&#34;: [], &#34;result&#34;: &#34;Failed&#34;, &#34;testId&#34;: &#34;tests/test_philips.py::test_philips_specific_features&#34;, &#34;duration&#34;: &#34;00:00:23&#34;, &#34;resultsTableRow&#34;: [&#34;&lt;td class=\&#34;col-result\&#34;&gt;Failed&lt;/td&gt;&#34;, &#34;&lt;td class=\&#34;col-testId\&#34;&gt;tests/test_philips.py::test_philips_specific_features&lt;/td&gt;&#34;, &#34;&lt;td class=\&#34;col-duration\&#34;&gt;00:00:23&lt;/td&gt;&#34;, &#34;&lt;td class=\&#34;col-links\&#34;&gt;&lt;/td&gt;&#34;], &#34;log&#34;: &#34;driver = &amp;lt;selenium.webdriver.chrome.webdriver.WebDriver (session=&amp;quot;d281cabc26d20bbaffb349e181493610&amp;quot;)&amp;gt;\n\n    def test_philips_specific_features(driver):\n        &amp;quot;&amp;quot;&amp;quot;Test Philips TV specific features and optimizations.&amp;quot;&amp;quot;&amp;quot;\n        driver.get(PHILIPS_APP_URL)\n    \n        # Wait for the app to load\n&amp;gt;       WebDriverWait(driver, 20).until(\n            EC.presence_of_element_located((By.CSS_SELECTOR, &amp;quot;.app-container, #app, .tv-app&amp;quot;))\n        )\n\ntests/test_philips.py:159: \n_ _ _ _ _ _ _ _ _ _ _ _ _ _ _ _ _ _ _ _ _ _ _ _ _ _ _ _ _ _ _ _ _ _ _ _ _ _ _ _ _ _ _ _ _ _ _ _ _ _ _ _ _ _ _ _ _ _ _\n\nself = &amp;lt;selenium.webdriver.support.wait.WebDriverWait (session=&amp;quot;d281cabc26d20bbaffb349e181493610&amp;quot;)&amp;gt;\nmethod = &amp;lt;function presence_of_element_located.&amp;lt;locals&amp;gt;._predicate at 0x11e9184c0&amp;gt;, message = &amp;#x27;&amp;#x27;\n\n    def until(self, method: Callable[[WebDriver], Union[Literal[False], T]], message: str = &amp;quot;&amp;quot;) -&amp;gt; T:\n        &amp;quot;&amp;quot;&amp;quot;Calls the method provided with the driver as an argument until the \\\n        return value does not evaluate to ``False``.\n    \n        :param method: callable(WebDriver)\n        :param message: optional message for :exc:`TimeoutException`\n        :returns: the result of the last call to `method`\n        :raises: :exc:`selenium.common.exceptions.TimeoutException` if timeout occurs\n        &amp;quot;&amp;quot;&amp;quot;\n        screen = None\n        stacktrace = None\n    \n        end_time = time.monotonic() + self._timeout\n        while True:\n            try:\n                value = method(self._driver)\n                if value:\n                    return value\n            except self._ignored_exceptions as exc:\n                screen = getattr(exc, &amp;quot;screen&amp;quot;, None)\n                stacktrace = getattr(exc, &amp;quot;stacktrace&amp;quot;, None)\n            time.sleep(self._poll)\n            if time.monotonic() &amp;gt; end_time:\n                break\n&amp;gt;       raise TimeoutException(message, screen, stacktrace)\nE       selenium.common.exceptions.TimeoutException: Message: \nE       Stacktrace:\nE       0   chromedriver                        0x0000000100c843cc cxxbridge1$str$ptr + 2829900\nE       1   chromedriver                        0x0000000100c7c694 cxxbridge1$str$ptr + 2797844\nE       2   chromedriver                        0x00000001007b9fbc cxxbridge1$string$len + 90140\nE       3   chromedriver                        0x00000001008011bc cxxbridge1$string$len + 381468\nE       4   chromedriver                        0x0000000100842044 cxxbridge1$string$len + 647332\nE       5   chromedriver                        0x00000001007f53f8 cxxbridge1$string$len + 332888\nE       6   chromedriver                        0x0000000100c487f0 cxxbridge1$str$ptr + 2585200\nE       7   chromedriver                        0x0000000100c4bac0 cxxbridge1$str$ptr + 2598208\nE       8   chromedriver                        0x0000000100c29dc4 cxxbridge1$str$ptr + 2459716\nE       9   chromedriver                        0x0000000100c4c338 cxxbridge1$str$ptr + 2600376\nE       10  chromedriver                        0x0000000100c1b650 cxxbridge1$str$ptr + 2400464\nE       11  chromedriver                        0x0000000100c6c29c cxxbridge1$str$ptr + 2731292\nE       12  chromedriver                        0x0000000100c6c428 cxxbridge1$str$ptr + 2731688\nE       13  chromedriver                        0x0000000100c7c2e0 cxxbridge1$str$ptr + 2796896\nE       14  libsystem_pthread.dylib             0x0000000194071c0c _pthread_start + 136\nE       15  libsystem_pthread.dylib             0x000000019406cb80 thread_start + 8\n\nvenv/lib/python3.9/site-packages/selenium/webdriver/support/wait.py:101: TimeoutException\n--------------------------- Captured stderr teardown ---------------------------\n2025-05-20 12:44:22,002 - ERROR - Failed to capture screenshot on test failure: &amp;#x27;NoneType&amp;#x27; object has no attribute &amp;#x27;driver&amp;#x27;\n&#34;}], &#34;tests/test_tv2play_philips.py::TestTV2PlayPhilips::test_page_loads&#34;: [{&#34;extras&#34;: [], &#34;result&#34;: &#34;Passed&#34;, &#34;testId&#34;: &#34;tests/test_tv2play_philips.py::TestTV2PlayPhilips::test_page_loads&#34;, &#34;duration&#34;: &#34;00:00:08&#34;, &#34;resultsTableRow&#34;: [&#34;&lt;td class=\&#34;col-result\&#34;&gt;Passed&lt;/td&gt;&#34;, &#34;&lt;td class=\&#34;col-testId\&#34;&gt;tests/test_tv2play_philips.py::TestTV2PlayPhilips::test_page_loads&lt;/td&gt;&#34;, &#34;&lt;td class=\&#34;col-duration\&#34;&gt;00:00:08&lt;/td&gt;&#34;, &#34;&lt;td class=\&#34;col-links\&#34;&gt;&lt;/td&gt;&#34;], &#34;log&#34;: &#34;---------------------------- Captured stderr setup -----------------------------\n2025-05-20 12:44:22,123 - INFO - Setting up test environment\n2025-05-20 12:44:23,325 - INFO - Navigating to TV 2 Play Philips app\n\n------------------------------ Captured log setup ------------------------------\nINFO     test_tv2play_philips:test_tv2play_philips.py:46 Setting up test environment\nINFO     test_tv2play_philips:test_tv2play_philips.py:70 Navigating to TV 2 Play Philips app\n\n----------------------------- Captured stderr call -----------------------------\n2025-05-20 12:44:29,396 - INFO - Testing if page loads correctly\n2025-05-20 12:44:30,201 - INFO - Screenshot saved to artifacts/screenshots/tv2play_philips_page_load_20250520-124429.png\n2025-05-20 12:44:30,201 - INFO - Page loaded successfully\n\n------------------------------ Captured log call -------------------------------\nINFO     test_tv2play_philips:test_tv2play_philips.py:77 Testing if page loads correctly\nINFO     test_tv2play_philips:test_tv2play_philips.py:162 Screenshot saved to artifacts/screenshots/tv2play_philips_page_load_20250520-124429.png\nINFO     test_tv2play_philips:test_tv2play_philips.py:85 Page loaded successfully\n\n&#34;}], &#34;tests/test_tv2play_philips.py::TestTV2PlayPhilips::test_ui_elements_present&#34;: [{&#34;extras&#34;: [], &#34;result&#34;: &#34;Passed&#34;, &#34;testId&#34;: &#34;tests/test_tv2play_philips.py::TestTV2PlayPhilips::test_ui_elements_present&#34;, &#34;duration&#34;: &#34;00:00:06&#34;, &#34;resultsTableRow&#34;: [&#34;&lt;td class=\&#34;col-result\&#34;&gt;Passed&lt;/td&gt;&#34;, &#34;&lt;td class=\&#34;col-testId\&#34;&gt;tests/test_tv2play_philips.py::TestTV2PlayPhilips::test_ui_elements_present&lt;/td&gt;&#34;, &#34;&lt;td class=\&#34;col-duration\&#34;&gt;00:00:06&lt;/td&gt;&#34;, &#34;&lt;td class=\&#34;col-links\&#34;&gt;&lt;/td&gt;&#34;], &#34;log&#34;: &#34;---------------------------- Captured stderr setup -----------------------------\n2025-05-20 12:44:30,203 - INFO - Navigating to TV 2 Play Philips app\n\n------------------------------ Captured log setup ------------------------------\nINFO     test_tv2play_philips:test_tv2play_philips.py:70 Navigating to TV 2 Play Philips app\n\n----------------------------- Captured stderr call -----------------------------\n2025-05-20 12:44:35,252 - INFO - Testing if UI elements are present\n2025-05-20 12:44:36,050 - INFO - Screenshot saved to artifacts/screenshots/tv2play_philips_ui_elements_20250520-124435.png\n2025-05-20 12:44:36,083 - INFO - Found visible element: html\n2025-05-20 12:44:36,117 - INFO - Found visible element: body\n2025-05-20 12:44:36,123 - INFO - Found visible element: div\n2025-05-20 12:44:36,130 - INFO - Found visible element: div\n2025-05-20 12:44:36,136 - INFO - Found visible element: div\n2025-05-20 12:44:36,141 - INFO - Found visible element: div\n2025-05-20 12:44:36,147 - INFO - Found visible element: div\n2025-05-20 12:44:36,153 - INFO - Found visible element: div\n2025-05-20 12:44:36,158 - INFO - Found visible element: div\n2025-05-20 12:44:36,164 - INFO - Found visible element: div\n2025-05-20 12:44:36,169 - INFO - Found visible element: div\n2025-05-20 12:44:36,175 - INFO - Found 11 visible elements\n2025-05-20 12:44:36,176 - INFO - UI structure verified with 11 elements\n\n------------------------------ Captured log call -------------------------------\nINFO     test_tv2play_philips:test_tv2play_philips.py:89 Testing if UI elements are present\nINFO     test_tv2play_philips:test_tv2play_philips.py:162 Screenshot saved to artifacts/screenshots/tv2play_philips_ui_elements_20250520-124435.png\nINFO     test_tv2play_philips:test_tv2play_philips.py:107 Found visible element: html\nINFO     test_tv2play_philips:test_tv2play_philips.py:107 Found visible element: body\nINFO     test_tv2play_philips:test_tv2play_philips.py:107 Found visible element: div\nINFO     test_tv2play_philips:test_tv2play_philips.py:107 Found visible element: div\nINFO     test_tv2play_philips:test_tv2play_philips.py:107 Found visible element: div\nINFO     test_tv2play_philips:test_tv2play_philips.py:107 Found visible element: div\nINFO     test_tv2play_philips:test_tv2play_philips.py:107 Found visible element: div\nINFO     test_tv2play_philips:test_tv2play_philips.py:107 Found visible element: div\nINFO     test_tv2play_philips:test_tv2play_philips.py:107 Found visible element: div\nINFO     test_tv2play_philips:test_tv2play_philips.py:107 Found visible element: div\nINFO     test_tv2play_philips:test_tv2play_philips.py:107 Found visible element: div\nINFO     test_tv2play_philips:test_tv2play_philips.py:113 Found 11 visible elements\nINFO     test_tv2play_philips:test_tv2play_philips.py:117 UI structure verified with 11 elements\n\n&#34;}], &#34;tests/test_tv2play_philips.py::TestTV2PlayPhilips::test_responsive_design&#34;: [{&#34;extras&#34;: [], &#34;result&#34;: &#34;Passed&#34;, &#34;testId&#34;: &#34;tests/test_tv2play_philips.py::TestTV2PlayPhilips::test_responsive_design&#34;, &#34;duration&#34;: &#34;00:00:09&#34;, &#34;resultsTableRow&#34;: [&#34;&lt;td class=\&#34;col-result\&#34;&gt;Passed&lt;/td&gt;&#34;, &#34;&lt;td class=\&#34;col-testId\&#34;&gt;tests/test_tv2play_philips.py::TestTV2PlayPhilips::test_responsive_design&lt;/td&gt;&#34;, &#34;&lt;td class=\&#34;col-duration\&#34;&gt;00:00:09&lt;/td&gt;&#34;, &#34;&lt;td class=\&#34;col-links\&#34;&gt;&lt;/td&gt;&#34;], &#34;log&#34;: &#34;---------------------------- Captured stderr setup -----------------------------\n2025-05-20 12:44:36,177 - INFO - Navigating to TV 2 Play Philips app\n\n------------------------------ Captured log setup ------------------------------\nINFO     test_tv2play_philips:test_tv2play_philips.py:70 Navigating to TV 2 Play Philips app\n\n----------------------------- Captured stderr call -----------------------------\n2025-05-20 12:44:41,212 - INFO - Testing responsive design\n2025-05-20 12:44:41,214 - INFO - Testing resolution: 1280x720\n2025-05-20 12:44:42,732 - INFO - Screenshot saved to artifacts/screenshots/tv2play_philips_responsive_1280x720_20250520-124442.png\n2025-05-20 12:44:42,735 - INFO - Testing resolution: 1920x1080\n2025-05-20 12:44:44,725 - INFO - Screenshot saved to artifacts/screenshots/tv2play_philips_responsive_1920x1080_20250520-124444.png\n\n------------------------------ Captured log call -------------------------------\nINFO     test_tv2play_philips:test_tv2play_philips.py:124 Testing responsive design\nINFO     test_tv2play_philips:test_tv2play_philips.py:138 Testing resolution: 1280x720\nINFO     test_tv2play_philips:test_tv2play_philips.py:162 Screenshot saved to artifacts/screenshots/tv2play_philips_responsive_1280x720_20250520-124442.png\nINFO     test_tv2play_philips:test_tv2play_philips.py:138 Testing resolution: 1920x1080\nINFO     test_tv2play_philips:test_tv2play_philips.py:162 Screenshot saved to artifacts/screenshots/tv2play_philips_responsive_1920x1080_20250520-124444.png\n\n--------------------------- Captured stderr teardown ---------------------------\n2025-05-20 12:44:44,753 - INFO - Tearing down test environment\n\n---------------------------- Captured log teardown -----------------------------\nINFO     test_tv2play_philips:test_tv2play_philips.py:167 Tearing down test environment&#34;}]}, &#34;renderCollapsed&#34;: [&#34;all&#34;], &#34;initialSort&#34;: &#34;result&#34;, &#34;title&#34;: &#34;report_samsung-lg-philips_20250520-124131.html&#34;}"></div>
    <script>
      (function(){function r(e,n,t){function o(i,f){if(!n[i]){if(!e[i]){var c="function"==typeof require&&require;if(!f&&c)return c(i,!0);if(u)return u(i,!0);var a=new Error("Cannot find module '"+i+"'");throw a.code="MODULE_NOT_FOUND",a}var p=n[i]={exports:{}};e[i][0].call(p.exports,function(r){var n=e[i][1][r];return o(n||r)},p,p.exports,r,e,n,t)}return n[i].exports}for(var u="function"==typeof require&&require,i=0;i<t.length;i++)o(t[i]);return o}return r})()({1:[function(require,module,exports){
const { getCollapsedCategory, setCollapsedIds } = require('./storage.js')

class DataManager {
    setManager(data) {
        const collapsedCategories = [...getCollapsedCategory(data.renderCollapsed)]
        const collapsedIds = []
        const tests = Object.values(data.tests).flat().map((test, index) => {
            const collapsed = collapsedCategories.includes(test.result.toLowerCase())
            const id = `test_${index}`
            if (collapsed) {
                collapsedIds.push(id)
            }
            return {
                ...test,
                id,
                collapsed,
            }
        })
        const dataBlob = { ...data, tests }
        this.data = { ...dataBlob }
        this.renderData = { ...dataBlob }
        setCollapsedIds(collapsedIds)
    }

    get allData() {
        return { ...this.data }
    }

    resetRender() {
        this.renderData = { ...this.data }
    }

    setRender(data) {
        this.renderData.tests = [...data]
    }

    toggleCollapsedItem(id) {
        this.renderData.tests = this.renderData.tests.map((test) =>
            test.id === id ? { ...test, collapsed: !test.collapsed } : test,
        )
    }

    set allCollapsed(collapsed) {
        this.renderData = { ...this.renderData, tests: [...this.renderData.tests.map((test) => (
            { ...test, collapsed }
        ))] }
    }

    get testSubset() {
        return [...this.renderData.tests]
    }

    get environment() {
        return this.renderData.environment
    }

    get initialSort() {
        return this.data.initialSort
    }
}

module.exports = {
    manager: new DataManager(),
}

},{"./storage.js":8}],2:[function(require,module,exports){
const mediaViewer = require('./mediaviewer.js')
const templateEnvRow = document.getElementById('template_environment_row')
const templateResult = document.getElementById('template_results-table__tbody')

function htmlToElements(html) {
    const temp = document.createElement('template')
    temp.innerHTML = html
    return temp.content.childNodes
}

const find = (selector, elem) => {
    if (!elem) {
        elem = document
    }
    return elem.querySelector(selector)
}

const findAll = (selector, elem) => {
    if (!elem) {
        elem = document
    }
    return [...elem.querySelectorAll(selector)]
}

const dom = {
    getStaticRow: (key, value) => {
        const envRow = templateEnvRow.content.cloneNode(true)
        const isObj = typeof value === 'object' && value !== null
        const values = isObj ? Object.keys(value).map((k) => `${k}: ${value[k]}`) : null

        const valuesElement = htmlToElements(
            values ? `<ul>${values.map((val) => `<li>${val}</li>`).join('')}<ul>` : `<div>${value}</div>`)[0]
        const td = findAll('td', envRow)
        td[0].textContent = key
        td[1].appendChild(valuesElement)

        return envRow
    },
    getResultTBody: ({ testId, id, log, extras, resultsTableRow, tableHtml, result, collapsed }) => {
        const resultBody = templateResult.content.cloneNode(true)
        resultBody.querySelector('tbody').classList.add(result.toLowerCase())
        resultBody.querySelector('tbody').id = testId
        resultBody.querySelector('.collapsible').dataset.id = id

        resultsTableRow.forEach((html) => {
            const t = document.createElement('template')
            t.innerHTML = html
            resultBody.querySelector('.collapsible').appendChild(t.content)
        })

        if (log) {
            // Wrap lines starting with "E" with span.error to color those lines red
            const wrappedLog = log.replace(/^E.*$/gm, (match) => `<span class="error">${match}</span>`)
            resultBody.querySelector('.log').innerHTML = wrappedLog
        } else {
            resultBody.querySelector('.log').remove()
        }

        if (collapsed) {
            resultBody.querySelector('.collapsible > td')?.classList.add('collapsed')
            resultBody.querySelector('.extras-row').classList.add('hidden')
        } else {
            resultBody.querySelector('.collapsible > td')?.classList.remove('collapsed')
        }

        const media = []
        extras?.forEach(({ name, format_type, content }) => {
            if (['image', 'video'].includes(format_type)) {
                media.push({ path: content, name, format_type })
            }

            if (format_type === 'html') {
                resultBody.querySelector('.extraHTML').insertAdjacentHTML('beforeend', `<div>${content}</div>`)
            }
        })
        mediaViewer.setup(resultBody, media)

        // Add custom html from the pytest_html_results_table_html hook
        tableHtml?.forEach((item) => {
            resultBody.querySelector('td[class="extra"]').insertAdjacentHTML('beforeend', item)
        })

        return resultBody
    },
}

module.exports = {
    dom,
    htmlToElements,
    find,
    findAll,
}

},{"./mediaviewer.js":6}],3:[function(require,module,exports){
const { manager } = require('./datamanager.js')
const { doSort } = require('./sort.js')
const storageModule = require('./storage.js')

const getFilteredSubSet = (filter) =>
    manager.allData.tests.filter(({ result }) => filter.includes(result.toLowerCase()))

const doInitFilter = () => {
    const currentFilter = storageModule.getVisible()
    const filteredSubset = getFilteredSubSet(currentFilter)
    manager.setRender(filteredSubset)
}

const doFilter = (type, show) => {
    if (show) {
        storageModule.showCategory(type)
    } else {
        storageModule.hideCategory(type)
    }

    const currentFilter = storageModule.getVisible()
    const filteredSubset = getFilteredSubSet(currentFilter)
    manager.setRender(filteredSubset)

    const sortColumn = storageModule.getSort()
    doSort(sortColumn, true)
}

module.exports = {
    doFilter,
    doInitFilter,
}

},{"./datamanager.js":1,"./sort.js":7,"./storage.js":8}],4:[function(require,module,exports){
const { redraw, bindEvents, renderStatic } = require('./main.js')
const { doInitFilter } = require('./filter.js')
const { doInitSort } = require('./sort.js')
const { manager } = require('./datamanager.js')
const data = JSON.parse(document.getElementById('data-container').dataset.jsonblob)

function init() {
    manager.setManager(data)
    doInitFilter()
    doInitSort()
    renderStatic()
    redraw()
    bindEvents()
}

init()

},{"./datamanager.js":1,"./filter.js":3,"./main.js":5,"./sort.js":7}],5:[function(require,module,exports){
const { dom, find, findAll } = require('./dom.js')
const { manager } = require('./datamanager.js')
const { doSort } = require('./sort.js')
const { doFilter } = require('./filter.js')
const {
    getVisible,
    getCollapsedIds,
    setCollapsedIds,
    getSort,
    getSortDirection,
    possibleFilters,
} = require('./storage.js')

const removeChildren = (node) => {
    while (node.firstChild) {
        node.removeChild(node.firstChild)
    }
}

const renderStatic = () => {
    const renderEnvironmentTable = () => {
        const environment = manager.environment
        const rows = Object.keys(environment).map((key) => dom.getStaticRow(key, environment[key]))
        const table = document.getElementById('environment')
        removeChildren(table)
        rows.forEach((row) => table.appendChild(row))
    }
    renderEnvironmentTable()
}

const addItemToggleListener = (elem) => {
    elem.addEventListener('click', ({ target }) => {
        const id = target.parentElement.dataset.id
        manager.toggleCollapsedItem(id)

        const collapsedIds = getCollapsedIds()
        if (collapsedIds.includes(id)) {
            const updated = collapsedIds.filter((item) => item !== id)
            setCollapsedIds(updated)
        } else {
            collapsedIds.push(id)
            setCollapsedIds(collapsedIds)
        }
        redraw()
    })
}

const renderContent = (tests) => {
    const sortAttr = getSort(manager.initialSort)
    const sortAsc = JSON.parse(getSortDirection())
    const rows = tests.map(dom.getResultTBody)
    const table = document.getElementById('results-table')
    const tableHeader = document.getElementById('results-table-head')

    const newTable = document.createElement('table')
    newTable.id = 'results-table'

    // remove all sorting classes and set the relevant
    findAll('.sortable', tableHeader).forEach((elem) => elem.classList.remove('asc', 'desc'))
    tableHeader.querySelector(`.sortable[data-column-type="${sortAttr}"]`)?.classList.add(sortAsc ? 'desc' : 'asc')
    newTable.appendChild(tableHeader)

    if (!rows.length) {
        const emptyTable = document.getElementById('template_results-table__body--empty').content.cloneNode(true)
        newTable.appendChild(emptyTable)
    } else {
        rows.forEach((row) => {
            if (!!row) {
                findAll('.collapsible td:not(.col-links', row).forEach(addItemToggleListener)
                find('.logexpander', row).addEventListener('click',
                    (evt) => evt.target.parentNode.classList.toggle('expanded'),
                )
                newTable.appendChild(row)
            }
        })
    }

    table.replaceWith(newTable)
}

const renderDerived = () => {
    const currentFilter = getVisible()
    possibleFilters.forEach((result) => {
        const input = document.querySelector(`input[data-test-result="${result}"]`)
        input.checked = currentFilter.includes(result)
    })
}

const bindEvents = () => {
    const filterColumn = (evt) => {
        const { target: element } = evt
        const { testResult } = element.dataset

        doFilter(testResult, element.checked)
        const collapsedIds = getCollapsedIds()
        const updated = manager.renderData.tests.map((test) => {
            return {
                ...test,
                collapsed: collapsedIds.includes(test.id),
            }
        })
        manager.setRender(updated)
        redraw()
    }

    const header = document.getElementById('environment-header')
    header.addEventListener('click', () => {
        const table = document.getElementById('environment')
        table.classList.toggle('hidden')
        header.classList.toggle('collapsed')
    })

    findAll('input[name="filter_checkbox"]').forEach((elem) => {
        elem.addEventListener('click', filterColumn)
    })

    findAll('.sortable').forEach((elem) => {
        elem.addEventListener('click', (evt) => {
            const { target: element } = evt
            const { columnType } = element.dataset
            doSort(columnType)
            redraw()
        })
    })

    document.getElementById('show_all_details').addEventListener('click', () => {
        manager.allCollapsed = false
        setCollapsedIds([])
        redraw()
    })
    document.getElementById('hide_all_details').addEventListener('click', () => {
        manager.allCollapsed = true
        const allIds = manager.renderData.tests.map((test) => test.id)
        setCollapsedIds(allIds)
        redraw()
    })
}

const redraw = () => {
    const { testSubset } = manager

    renderContent(testSubset)
    renderDerived()
}

module.exports = {
    redraw,
    bindEvents,
    renderStatic,
}

},{"./datamanager.js":1,"./dom.js":2,"./filter.js":3,"./sort.js":7,"./storage.js":8}],6:[function(require,module,exports){
class MediaViewer {
    constructor(assets) {
        this.assets = assets
        this.index = 0
    }

    nextActive() {
        this.index = this.index === this.assets.length - 1 ? 0 : this.index + 1
        return [this.activeFile, this.index]
    }

    prevActive() {
        this.index = this.index === 0 ? this.assets.length - 1 : this.index -1
        return [this.activeFile, this.index]
    }

    get currentIndex() {
        return this.index
    }

    get activeFile() {
        return this.assets[this.index]
    }
}


const setup = (resultBody, assets) => {
    if (!assets.length) {
        resultBody.querySelector('.media').classList.add('hidden')
        return
    }

    const mediaViewer = new MediaViewer(assets)
    const container = resultBody.querySelector('.media-container')
    const leftArrow = resultBody.querySelector('.media-container__nav--left')
    const rightArrow = resultBody.querySelector('.media-container__nav--right')
    const mediaName = resultBody.querySelector('.media__name')
    const counter = resultBody.querySelector('.media__counter')
    const imageEl = resultBody.querySelector('img')
    const sourceEl = resultBody.querySelector('source')
    const videoEl = resultBody.querySelector('video')

    const setImg = (media, index) => {
        if (media?.format_type === 'image') {
            imageEl.src = media.path

            imageEl.classList.remove('hidden')
            videoEl.classList.add('hidden')
        } else if (media?.format_type === 'video') {
            sourceEl.src = media.path

            videoEl.classList.remove('hidden')
            imageEl.classList.add('hidden')
        }

        mediaName.innerText = media?.name
        counter.innerText = `${index + 1} / ${assets.length}`
    }
    setImg(mediaViewer.activeFile, mediaViewer.currentIndex)

    const moveLeft = () => {
        const [media, index] = mediaViewer.prevActive()
        setImg(media, index)
    }
    const doRight = () => {
        const [media, index] = mediaViewer.nextActive()
        setImg(media, index)
    }
    const openImg = () => {
        window.open(mediaViewer.activeFile.path, '_blank')
    }
    if (assets.length === 1) {
        container.classList.add('media-container--fullscreen')
    } else {
        leftArrow.addEventListener('click', moveLeft)
        rightArrow.addEventListener('click', doRight)
    }
    imageEl.addEventListener('click', openImg)
}

module.exports = {
    setup,
}

},{}],7:[function(require,module,exports){
const { manager } = require('./datamanager.js')
const storageModule = require('./storage.js')

const genericSort = (list, key, ascending, customOrder) => {
    let sorted
    if (customOrder) {
        sorted = list.sort((a, b) => {
            const aValue = a.result.toLowerCase()
            const bValue = b.result.toLowerCase()

            const aIndex = customOrder.findIndex((item) => item.toLowerCase() === aValue)
            const bIndex = customOrder.findIndex((item) => item.toLowerCase() === bValue)

            // Compare the indices to determine the sort order
            return aIndex - bIndex
        })
    } else {
        sorted = list.sort((a, b) => a[key] === b[key] ? 0 : a[key] > b[key] ? 1 : -1)
    }

    if (ascending) {
        sorted.reverse()
    }
    return sorted
}

const durationSort = (list, ascending) => {
    const parseDuration = (duration) => {
        if (duration.includes(':')) {
            // If it's in the format "HH:mm:ss"
            const [hours, minutes, seconds] = duration.split(':').map(Number)
            return (hours * 3600 + minutes * 60 + seconds) * 1000
        } else {
            // If it's in the format "nnn ms"
            return parseInt(duration)
        }
    }
    const sorted = list.sort((a, b) => parseDuration(a['duration']) - parseDuration(b['duration']))
    if (ascending) {
        sorted.reverse()
    }
    return sorted
}

const doInitSort = () => {
    const type = storageModule.getSort(manager.initialSort)
    const ascending = storageModule.getSortDirection()
    const list = manager.testSubset
    const initialOrder = ['Error', 'Failed', 'Rerun', 'XFailed', 'XPassed', 'Skipped', 'Passed']

    storageModule.setSort(type)
    storageModule.setSortDirection(ascending)

    if (type?.toLowerCase() === 'original') {
        manager.setRender(list)
    } else {
        let sortedList
        switch (type) {
        case 'duration':
            sortedList = durationSort(list, ascending)
            break
        case 'result':
            sortedList = genericSort(list, type, ascending, initialOrder)
            break
        default:
            sortedList = genericSort(list, type, ascending)
            break
        }
        manager.setRender(sortedList)
    }
}

const doSort = (type, skipDirection) => {
    const newSortType = storageModule.getSort(manager.initialSort) !== type
    const currentAsc = storageModule.getSortDirection()
    let ascending
    if (skipDirection) {
        ascending = currentAsc
    } else {
        ascending = newSortType ? false : !currentAsc
    }
    storageModule.setSort(type)
    storageModule.setSortDirection(ascending)

    const list = manager.testSubset
    const sortedList = type === 'duration' ? durationSort(list, ascending) : genericSort(list, type, ascending)
    manager.setRender(sortedList)
}

module.exports = {
    doInitSort,
    doSort,
}

},{"./datamanager.js":1,"./storage.js":8}],8:[function(require,module,exports){
const possibleFilters = [
    'passed',
    'skipped',
    'failed',
    'error',
    'xfailed',
    'xpassed',
    'rerun',
]

const getVisible = () => {
    const url = new URL(window.location.href)
    const settings = new URLSearchParams(url.search).get('visible')
    const lower = (item) => {
        const lowerItem = item.toLowerCase()
        if (possibleFilters.includes(lowerItem)) {
            return lowerItem
        }
        return null
    }
    return settings === null ?
        possibleFilters :
        [...new Set(settings?.split(',').map(lower).filter((item) => item))]
}

const hideCategory = (categoryToHide) => {
    const url = new URL(window.location.href)
    const visibleParams = new URLSearchParams(url.search).get('visible')
    const currentVisible = visibleParams ? visibleParams.split(',') : [...possibleFilters]
    const settings = [...new Set(currentVisible)].filter((f) => f !== categoryToHide).join(',')

    url.searchParams.set('visible', settings)
    window.history.pushState({}, null, unescape(url.href))
}

const showCategory = (categoryToShow) => {
    if (typeof window === 'undefined') {
        return
    }
    const url = new URL(window.location.href)
    const currentVisible = new URLSearchParams(url.search).get('visible')?.split(',').filter(Boolean) ||
        [...possibleFilters]
    const settings = [...new Set([categoryToShow, ...currentVisible])]
    const noFilter = possibleFilters.length === settings.length || !settings.length

    noFilter ? url.searchParams.delete('visible') : url.searchParams.set('visible', settings.join(','))
    window.history.pushState({}, null, unescape(url.href))
}

const getSort = (initialSort) => {
    const url = new URL(window.location.href)
    let sort = new URLSearchParams(url.search).get('sort')
    if (!sort) {
        sort = initialSort || 'result'
    }
    return sort
}

const setSort = (type) => {
    const url = new URL(window.location.href)
    url.searchParams.set('sort', type)
    window.history.pushState({}, null, unescape(url.href))
}

const getCollapsedCategory = (renderCollapsed) => {
    let categories
    if (typeof window !== 'undefined') {
        const url = new URL(window.location.href)
        const collapsedItems = new URLSearchParams(url.search).get('collapsed')
        switch (true) {
        case !renderCollapsed && collapsedItems === null:
            categories = ['passed']
            break
        case collapsedItems?.length === 0 || /^["']{2}$/.test(collapsedItems):
            categories = []
            break
        case /^all$/.test(collapsedItems) || collapsedItems === null && /^all$/.test(renderCollapsed):
            categories = [...possibleFilters]
            break
        default:
            categories = collapsedItems?.split(',').map((item) => item.toLowerCase()) || renderCollapsed
            break
        }
    } else {
        categories = []
    }
    return categories
}

const getSortDirection = () => JSON.parse(sessionStorage.getItem('sortAsc')) || false
const setSortDirection = (ascending) => sessionStorage.setItem('sortAsc', ascending)

const getCollapsedIds = () => JSON.parse(sessionStorage.getItem('collapsedIds')) || []
const setCollapsedIds = (list) => sessionStorage.setItem('collapsedIds', JSON.stringify(list))

module.exports = {
    getVisible,
    hideCategory,
    showCategory,
    getCollapsedIds,
    setCollapsedIds,
    getSort,
    setSort,
    getSortDirection,
    setSortDirection,
    getCollapsedCategory,
    possibleFilters,
}

},{}]},{},[4]);
    </script>
  </footer>
</html>